# JRE version: Java(TM) SE Runtime Environment (8.0_111-b14) (build 1.8.0_111-b14)
# Java VM: Java HotSpot(TM) 64-Bit Server VM (25.111-b14 mixed mode windows-amd64 compressed oops)
Heap:
 PSYoungGen      total 23040K, used 5891K [0x000000076af00000, 0x000000076d380000, 0x00000007c0000000)
  eden space 18432K, 31% used [0x000000076af00000,0x000000076b4c0d00,0x000000076c100000)
  from space 4608K, 0% used [0x000000076c980000,0x000000076c980000,0x000000076ce00000)
  to   space 8704K, 0% used [0x000000076c100000,0x000000076c100000,0x000000076c980000)
 ParOldGen       total 25600K, used 15791K [0x00000006c0c00000, 0x00000006c2500000, 0x000000076af00000)
  object space 25600K, 61% used [0x00000006c0c00000,0x00000006c1b6bd80,0x00000006c2500000)
 Metaspace       used 9851K, capacity 10240K, committed 10368K, reserved 1058816K
  class space    used 1090K, capacity 1140K, committed 1152K, reserved 1048576K
GC Heap History (10 events):
Event: 0.474 GC heap before
{Heap before GC invocations=8 (full 1):
 PSYoungGen      total 14336K, used 2538K [0x000000076af00000, 0x000000076d100000, 0x00000007c0000000)
  eden space 11776K, 0% used [0x000000076af00000,0x000000076af00000,0x000000076ba80000)
  from space 2560K, 99% used [0x000000076ba80000,0x000000076bcfa920,0x000000076bd00000)
  to   space 5632K, 0% used [0x000000076cb80000,0x000000076cb80000,0x000000076d100000)
 ParOldGen       total 9728K, used 7885K [0x00000006c0c00000, 0x00000006c1580000, 0x000000076af00000)
  object space 9728K, 81% used [0x00000006c0c00000,0x00000006c13b3628,0x00000006c1580000)
 Metaspace       used 7611K, capacity 8372K, committed 8704K, reserved 1056768K
  class space    used 903K, capacity 944K, committed 1024K, reserved 1048576K
Event: 0.525 GC heap after
Heap after GC invocations=8 (full 1):
 PSYoungGen      total 14336K, used 489K [0x000000076af00000, 0x000000076d100000, 0x00000007c0000000)
  eden space 11776K, 0% used [0x000000076af00000,0x000000076af00000,0x000000076ba80000)
  from space 2560K, 19% used [0x000000076ba80000,0x000000076bafa740,0x000000076bd00000)
  to   space 5632K, 0% used [0x000000076cb80000,0x000000076cb80000,0x000000076d100000)
 ParOldGen       total 16384K, used 9461K [0x00000006c0c00000, 0x00000006c1c00000, 0x000000076af00000)
  object space 16384K, 57% used [0x00000006c0c00000,0x00000006c153d600,0x00000006c1c00000)
 Metaspace       used 7611K, capacity 8372K, committed 8704K, reserved 1056768K
  class space    used 903K, capacity 944K, committed 1024K, reserved 1048576K
}
Event: 0.622 GC heap before
{Heap before GC invocations=9 (full 1):
 PSYoungGen      total 14336K, used 12265K [0x000000076af00000, 0x000000076d100000, 0x00000007c0000000)
  eden space 11776K, 100% used [0x000000076af00000,0x000000076ba80000,0x000000076ba80000)
  from space 2560K, 19% used [0x000000076ba80000,0x000000076bafa740,0x000000076bd00000)
  to   space 5632K, 0% used [0x000000076cb80000,0x000000076cb80000,0x000000076d100000)
 ParOldGen       total 16384K, used 9461K [0x00000006c0c00000, 0x00000006c1c00000, 0x000000076af00000)
  object space 16384K, 57% used [0x00000006c0c00000,0x00000006c153d600,0x00000006c1c00000)
 Metaspace       used 7843K, capacity 8564K, committed 8704K, reserved 1056768K
  class space    used 919K, capacity 944K, committed 1024K, reserved 1048576K
Event: 0.625 GC heap after
Heap after GC invocations=9 (full 1):
 PSYoungGen      total 18944K, used 3697K [0x000000076af00000, 0x000000076cf80000, 0x00000007c0000000)
  eden space 14848K, 0% used [0x000000076af00000,0x000000076af00000,0x000000076bd80000)
  from space 4096K, 90% used [0x000000076cb80000,0x000000076cf1c660,0x000000076cf80000)
  to   space 6144K, 0% used [0x000000076c380000,0x000000076c380000,0x000000076c980000)
 ParOldGen       total 16384K, used 9469K [0x00000006c0c00000, 0x00000006c1c00000, 0x000000076af00000)
  object space 16384K, 57% used [0x00000006c0c00000,0x00000006c153f600,0x00000006c1c00000)
 Metaspace       used 7843K, capacity 8564K, committed 8704K, reserved 1056768K
  class space    used 919K, capacity 944K, committed 1024K, reserved 1048576K
}
Event: 0.706 GC heap before
{Heap before GC invocations=10 (full 1):
 PSYoungGen      total 18944K, used 18545K [0x000000076af00000, 0x000000076cf80000, 0x00000007c0000000)
  eden space 14848K, 100% used [0x000000076af00000,0x000000076bd80000,0x000000076bd80000)
  from space 4096K, 90% used [0x000000076cb80000,0x000000076cf1c660,0x000000076cf80000)
  to   space 6144K, 0% used [0x000000076c380000,0x000000076c380000,0x000000076c980000)
 ParOldGen       total 16384K, used 9469K [0x00000006c0c00000, 0x00000006c1c00000, 0x000000076af00000)
  object space 16384K, 57% used [0x00000006c0c00000,0x00000006c153f600,0x00000006c1c00000)
 Metaspace       used 8041K, capacity 8756K, committed 8960K, reserved 1056768K
  class space    used 921K, capacity 944K, committed 1024K, reserved 1048576K
Event: 0.710 GC heap after
Heap after GC invocations=10 (full 1):
 PSYoungGen      total 23552K, used 6134K [0x000000076af00000, 0x000000076ce00000, 0x00000007c0000000)
  eden space 17408K, 0% used [0x000000076af00000,0x000000076af00000,0x000000076c000000)
  from space 6144K, 99% used [0x000000076c380000,0x000000076c97d880,0x000000076c980000)
  to   space 4608K, 0% used [0x000000076c980000,0x000000076c980000,0x000000076ce00000)
 ParOldGen       total 16384K, used 9605K [0x00000006c0c00000, 0x00000006c1c00000, 0x000000076af00000)
  object space 16384K, 58% used [0x00000006c0c00000,0x00000006c1561600,0x00000006c1c00000)
 Metaspace       used 8041K, capacity 8756K, committed 8960K, reserved 1056768K
  class space    used 921K, capacity 944K, committed 1024K, reserved 1048576K
}
Event: 1.252 GC heap before
{Heap before GC invocations=11 (full 1):
 PSYoungGen      total 23552K, used 23542K [0x000000076af00000, 0x000000076ce00000, 0x00000007c0000000)
  eden space 17408K, 100% used [0x000000076af00000,0x000000076c000000,0x000000076c000000)
  from space 6144K, 99% used [0x000000076c380000,0x000000076c97d880,0x000000076c980000)
  to   space 4608K, 0% used [0x000000076c980000,0x000000076c980000,0x000000076ce00000)
 ParOldGen       total 16384K, used 9605K [0x00000006c0c00000, 0x00000006c1c00000, 0x000000076af00000)
  object space 16384K, 58% used [0x00000006c0c00000,0x00000006c1561600,0x00000006c1c00000)
 Metaspace       used 9802K, capacity 10176K, committed 10368K, reserved 1058816K
  class space    used 1090K, capacity 1140K, committed 1152K, reserved 1048576K
Event: 1.257 GC heap after
Heap after GC invocations=11 (full 1):
 PSYoungGen      total 23040K, used 4597K [0x000000076af00000, 0x000000076d380000, 0x00000007c0000000)
  eden space 18432K, 0% used [0x000000076af00000,0x000000076af00000,0x000000076c100000)
  from space 4608K, 99% used [0x000000076c980000,0x000000076cdfd6e8,0x000000076ce00000)
  to   space 8704K, 0% used [0x000000076c100000,0x000000076c100000,0x000000076c980000)
 ParOldGen       total 16384K, used 12922K [0x00000006c0c00000, 0x00000006c1c00000, 0x000000076af00000)
  object space 16384K, 78% used [0x00000006c0c00000,0x00000006c189ea70,0x00000006c1c00000)
 Metaspace       used 9802K, capacity 10176K, committed 10368K, reserved 1058816K
  class space    used 1090K, capacity 1140K, committed 1152K, reserved 1048576K
}
Event: 1.257 GC heap before
{Heap before GC invocations=12 (full 2):
 PSYoungGen      total 23040K, used 4597K [0x000000076af00000, 0x000000076d380000, 0x00000007c0000000)
  eden space 18432K, 0% used [0x000000076af00000,0x000000076af00000,0x000000076c100000)
  from space 4608K, 99% used [0x000000076c980000,0x000000076cdfd6e8,0x000000076ce00000)
  to   space 8704K, 0% used [0x000000076c100000,0x000000076c100000,0x000000076c980000)
 ParOldGen       total 16384K, used 12922K [0x00000006c0c00000, 0x00000006c1c00000, 0x000000076af00000)
  object space 16384K, 78% used [0x00000006c0c00000,0x00000006c189ea70,0x00000006c1c00000)
 Metaspace       used 9802K, capacity 10176K, committed 10368K, reserved 1058816K
  class space    used 1090K, capacity 1140K, committed 1152K, reserved 1048576K
Event: 1.310 GC heap after
Heap after GC invocations=12 (full 2):
 PSYoungGen      total 23040K, used 0K [0x000000076af00000, 0x000000076d380000, 0x00000007c0000000)
  eden space 18432K, 0% used [0x000000076af00000,0x000000076af00000,0x000000076c100000)
  from space 4608K, 0% used [0x000000076c980000,0x000000076c980000,0x000000076ce00000)
  to   space 8704K, 0% used [0x000000076c100000,0x000000076c100000,0x000000076c980000)
 ParOldGen       total 25600K, used 15791K [0x00000006c0c00000, 0x00000006c2500000, 0x000000076af00000)
  object space 25600K, 61% used [0x00000006c0c00000,0x00000006c1b6bd80,0x00000006c2500000)
 Metaspace       used 9802K, capacity 10176K, committed 10368K, reserved 1058816K
  class space    used 1090K, capacity 1140K, committed 1152K, reserved 1048576K
}

